0 info it worked if it ends with ok
1 verbose cli [ 'node', '/usr/local/bin/npm', 'publish' ]
2 info using npm@2.5.1
3 info using node@v0.12.0
4 verbose node symlink /usr/local/bin/node
5 verbose publish [ '.' ]
6 silly cache add args [ '.', null ]
7 verbose cache add spec .
8 silly cache add parsed spec { raw: '.',
8 silly cache add   scope: null,
8 silly cache add   name: null,
8 silly cache add   rawSpec: '.',
8 silly cache add   spec: '/Users/leswan/Development/snapcoin/server/scripts/npm-lbc-api',
8 silly cache add   type: 'directory' }
9 verbose addLocalDirectory /Users/leswan/.npm/localbitcoins-node/0.0.1/package.tgz not in flight; packing
10 verbose tar pack [ '/Users/leswan/.npm/localbitcoins-node/0.0.1/package.tgz',
10 verbose tar pack   '/Users/leswan/Development/snapcoin/server/scripts/npm-lbc-api' ]
11 verbose tarball /Users/leswan/.npm/localbitcoins-node/0.0.1/package.tgz
12 verbose folder /Users/leswan/Development/snapcoin/server/scripts/npm-lbc-api
13 info prepublish localbitcoins-node@0.0.1
14 verbose addLocalTarball adding from inside cache /Users/leswan/.npm/localbitcoins-node/0.0.1/package.tgz
15 silly cache afterAdd localbitcoins-node@0.0.1
16 verbose afterAdd /Users/leswan/.npm/localbitcoins-node/0.0.1/package/package.json not in flight; writing
17 verbose afterAdd /Users/leswan/.npm/localbitcoins-node/0.0.1/package/package.json written
18 silly publish { name: 'localbitcoins-node',
18 silly publish   version: '0.0.1',
18 silly publish   description: 'LocalBitcoins API wrapper for NodeJS',
18 silly publish   keywords: [ 'localbitcoins', 'api', 'btc', 'bitcoin' ],
18 silly publish   author:
18 silly publish    { name: 'Anthony Mayfield',
18 silly publish      url: 'https://github.com/mrmayfield' },
18 silly publish   contributors: [],
18 silly publish   license: 'MIT',
18 silly publish   dependencies: { querystring: '>=0.2.0', request: '>=2.27.0' },
18 silly publish   repository:
18 silly publish    { type: 'git',
18 silly publish      url: 'https://github.com/mrmayfield/localbitcoins-node' },
18 silly publish   main: 'localbitcoins.js',
18 silly publish   engines: { node: '>=0.10' },
18 silly publish   bugs:
18 silly publish    { url: 'https://github.com/mrmayfield/localbitcoins-node/issues',
18 silly publish      email: 'contact@anthonymayfield.com' },
18 silly publish   readmeFilename: 'README.md',
18 silly publish   readme: 'Node LocalBitcoins\n===========\n\nNodeJS Client Library for the LocalBitcoins API\n\nThis is an asynchronous node js client for the localbitcoins.com API.\n\nIt exposes all the API methods found here: https://localbitcoins.com/api-docs/ through the \'api\' method:\n\nExample Usage:\n\n```javascript\nvar LBCClient = require(\'./lbc.js\');\nvar lbc = new LBCClient(\'api_key\', \'api_secret\');\n\n// Display user\'s info\nlbc.api(\'myself\', null, function(error, data) {\n    if(error) {\n        console.log(error);\n    }\n    else {\n        console.log(data);\n    }\n});\n\n```\n\n**Update:**\n\nAs of version 0.1.0, the callback passed to the *api* function conforms to the Node.js standard of\n\n```javascript\nfunction(error, data) {\n    // ...\n}\n```\n\nThanks to @tehsenaus and @petermrg for pointing this out.\n\nCredit:\n\nI used the example node implementation at https://github.com/nothingisdead/npm-kraken-api and the python implementation at https://localbitcoins.com/api-docs/ as references.\n',
18 silly publish   gitHead: 'b130952ebb898d532cd7a7d63f5992fbfe639200',
18 silly publish   homepage: 'https://github.com/mrmayfield/localbitcoins-node',
18 silly publish   _id: 'localbitcoins-node@0.0.1',
18 silly publish   scripts: {},
18 silly publish   _shasum: 'e5417efdaa6673eed99a17de75bdf8c9eedaa0ce',
18 silly publish   _from: '.' }
19 silly mapToRegistry name localbitcoins-node
20 silly mapToRegistry using default registry
21 silly mapToRegistry registry https://registry.npmjs.org/
22 silly mapToRegistry uri https://registry.npmjs.org/localbitcoins-node
23 verbose publish registryBase https://registry.npmjs.org/
24 silly publish uploading /Users/leswan/.npm/localbitcoins-node/0.0.1/package.tgz
25 verbose request uri https://registry.npmjs.org/localbitcoins-node
26 verbose request sending authorization for write operation
27 info attempt registry request try #1 at 14:13:16
28 verbose request id 7ced788b86f56b00
29 http request PUT https://registry.npmjs.org/localbitcoins-node
30 http 500 https://registry.npmjs.org/localbitcoins-node
31 info retry will retry, error on last attempt: Error: unexpected status code: 401 : localbitcoins-node
32 info attempt registry request try #2 at 14:13:27
33 http request PUT https://registry.npmjs.org/localbitcoins-node
34 http 500 https://registry.npmjs.org/localbitcoins-node
35 info retry will retry, error on last attempt: Error: unexpected status code: 401 : localbitcoins-node
36 info attempt registry request try #3 at 14:14:28
37 http request PUT https://registry.npmjs.org/localbitcoins-node
38 http 500 https://registry.npmjs.org/localbitcoins-node
39 verbose headers { 'content-type': 'application/json',
39 verbose headers   'cache-control': 'max-age=0',
39 verbose headers   'content-length': '39',
39 verbose headers   'accept-ranges': 'bytes',
39 verbose headers   date: 'Tue, 25 Aug 2015 21:14:29 GMT',
39 verbose headers   via: '1.1 varnish',
39 verbose headers   connection: 'keep-alive',
39 verbose headers   'x-served-by': 'cache-lax1425-LAX',
39 verbose headers   'x-cache': 'MISS',
39 verbose headers   'x-cache-hits': '0',
39 verbose headers   'x-timer': 'S1440537268.605452,VS0,VE621' }
40 verbose request invalidating /Users/leswan/.npm/registry.npmjs.org/localbitcoins-node on PUT
41 error publish Failed PUT 500
42 verbose stack Error: unexpected status code: 401 : localbitcoins-node
42 verbose stack     at CachingRegistryClient.<anonymous> (/usr/local/lib/node_modules/npm/node_modules/npm-registry-client/lib/request.js:254:14)
42 verbose stack     at Request._callback (/usr/local/lib/node_modules/npm/node_modules/npm-registry-client/lib/request.js:178:14)
42 verbose stack     at Request.self.callback (/usr/local/lib/node_modules/npm/node_modules/request/request.js:344:22)
42 verbose stack     at Request.emit (events.js:110:17)
42 verbose stack     at Request.<anonymous> (/usr/local/lib/node_modules/npm/node_modules/request/request.js:1239:14)
42 verbose stack     at Request.emit (events.js:129:20)
42 verbose stack     at IncomingMessage.<anonymous> (/usr/local/lib/node_modules/npm/node_modules/request/request.js:1187:12)
42 verbose stack     at IncomingMessage.emit (events.js:129:20)
42 verbose stack     at _stream_readable.js:908:16
42 verbose stack     at process._tickCallback (node.js:355:11)
43 verbose statusCode 500
44 verbose pkgid localbitcoins-node
45 verbose cwd /Users/leswan/Development/snapcoin/server/scripts/npm-lbc-api
46 error Darwin 14.0.0
47 error argv "node" "/usr/local/bin/npm" "publish"
48 error node v0.12.0
49 error npm  v2.5.1
50 error code E500
51 error unexpected status code: 401 : localbitcoins-node
52 error If you need help, you may report this error at:
52 error     <http://github.com/npm/npm/issues>
53 verbose exit [ 1, true ]
